C51 COMPILER V9.60.0.0   DS18B20                                                           12/22/2021 23:11:53 PAGE 1   


C51 COMPILER V9.60.0.0, COMPILATION OF MODULE DS18B20
OBJECT MODULE PLACED IN ds18b20.OBJ
COMPILER INVOKED BY: C:\Keil_v5\C51\BIN\C51.EXE ds18b20.c OPTIMIZE(8,SPEED) BROWSE TABS(2)

line level    source

   1          #include "Feiyun.h" 
   2          uint temp=270;       
   3          void delay_us(uint t)  ////延时函数
   4          {
   5   1        for(;t>0;t--);
   6   1      }    
   7          void reset(void)           ////DS18B20复位函数 
   8          {
   9   1        uchar state=1;
  10   1        while(state)
  11   1         {
  12   2          while(state)
  13   2           {
  14   3             DQ=1;
  15   3           _nop_();_nop_();
  16   3             DQ=0;
  17   3             delay_us(50);
  18   3             DQ=1;
  19   3             delay_us(6);
  20   3             state=DQ;
  21   3           }
  22   2          delay_us(45);
  23   2          state=~DQ;
  24   2         }
  25   1        DQ=1;
  26   1      }
  27          void write_byte(uchar val)  //写一个字节 
  28          {
  29   1         uchar i;
  30   1         for(i=8;i>0;i--)
  31   1         {
  32   2             DQ=1;_nop_();_nop_();
  33   2             DQ=0;_nop_();_nop_();_nop_();_nop_();_nop_();
  34   2             DQ=val&0x01;
  35   2             delay_us(6);
  36   2             val=val/2;
  37   2         }
  38   1         DQ=1;
  39   1         _nop_();
  40   1      }       
  41          uchar read_byte(void)    ///////读一个字节
  42          {
  43   1          uchar i;
  44   1        uchar value=0;
  45   1        for(i=8;i>0;i--)
  46   1          {
  47   2            DQ=1;_nop_();_nop_();
  48   2            value>>=1;
  49   2            DQ=0;
  50   2            _nop_();_nop_();_nop_();_nop_();
  51   2            DQ=1;_nop_();_nop_();_nop_();_nop_();
  52   2            if(DQ)value|=0x80;
  53   2            delay_us(6);
  54   2          }
  55   1        DQ=1;
C51 COMPILER V9.60.0.0   DS18B20                                                           12/22/2021 23:11:53 PAGE 2   

  56   1        return(value);
  57   1      }
  58          void gettemp()
  59          {
  60   1          uchar a,b;
  61   1        uint t;    
  62   1        reset();
  63   1        write_byte(0xcc);
  64   1        write_byte(0xbe);
  65   1        a=read_byte();     //读取高字节
  66   1        b=read_byte();     //读取低字节
  67   1        reset();
  68   1        write_byte(0xcc);
  69   1        write_byte(0x44);
  70   1        //处理读取温度t  
  71   1          t=b;
  72   1        t<<=8;           //值左移8位   
  73   1        t=t|a;           //合并高低位数值
  74   1        if(t>0xfff)    //判断温度是为正还是为负
  75   1          t=~t+1;      //负值换算
  76   1        t=t*(0.625);    //温度扩大10倍,精确到1位小数
  77   1        if((temp-t)<100||(t-temp)<100)
  78   1        temp=t;
  79   1      }
  80          void TempShow()  ///温度读取函数
  81          {       
  82   1        char buf[4];
  83   1        gettemp();
  84   1          buf[0]=temp%1000/100+0x30;  //十位数
  85   1          buf[1]=temp%100/10+0x30;    //个位数
  86   1        buf[2]='.';
  87   1          buf[3]=temp%10+0x30;        //小数位
  88   1        pd(0x40);
  89   1        write_data(buf[0]);
  90   1        write_data(buf[1]);
  91   1        write_data(buf[2]);
  92   1        write_data(buf[3]);
  93   1        write_data(du);
  94   1        write_data('C');
  95   1        LcdStr(0x00,"The Temperature:");  
  96   1          
  97   1      }


MODULE INFORMATION:   STATIC OVERLAYABLE
   CODE SIZE        =    415    ----
   CONSTANT SIZE    =     17    ----
   XDATA SIZE       =   ----    ----
   PDATA SIZE       =   ----    ----
   DATA SIZE        =      2       4
   IDATA SIZE       =   ----    ----
   BIT SIZE         =   ----    ----
END OF MODULE INFORMATION.


C51 COMPILATION COMPLETE.  0 WARNING(S),  0 ERROR(S)
