C51 COMPILER V9.60.0.0   FEIYUN                                                            12/22/2021 23:11:54 PAGE 1   


C51 COMPILER V9.60.0.0, COMPILATION OF MODULE FEIYUN
OBJECT MODULE PLACED IN Feiyun.OBJ
COMPILER INVOKED BY: C:\Keil_v5\C51\BIN\C51.EXE Feiyun.c OPTIMIZE(8,SPEED) BROWSE TABS(2)

line level    source

   1          #include "Feiyun.h"
   2          void delay(uint z)         ///延时函数,大约是一毫秒/z
   3          {
   4   1        uint x,y;
   5   1        for(x=z;x>0;x--)
   6   1          for(y=110;y>0;y--);   
   7   1      }


MODULE INFORMATION:   STATIC OVERLAYABLE
   CODE SIZE        =     30    ----
   CONSTANT SIZE    =   ----    ----
   XDATA SIZE       =   ----    ----
   PDATA SIZE       =   ----    ----
   DATA SIZE        =   ----    ----
   IDATA SIZE       =   ----    ----
   BIT SIZE         =   ----    ----
END OF MODULE INFORMATION.


C51 COMPILATION COMPLETE.  0 WARNING(S),  0 ERROR(S)
