C51 COMPILER V9.60.0.0   KEY                                                               12/22/2021 23:11:54 PAGE 1   


C51 COMPILER V9.60.0.0, COMPILATION OF MODULE KEY
OBJECT MODULE PLACED IN key.OBJ
COMPILER INVOKED BY: C:\Keil_v5\C51\BIN\C51.EXE key.c OPTIMIZE(8,SPEED) BROWSE TABS(2)

line level    source

   1          #include"Feiyun.h"
   2          uchar code Key[]={1,2,3,10,4,5,6,11,7,8,9,14,0,12,13,15};
   3          uchar code check[]={0xe7,0xd7,0xb7,0x77,0xeb,0xdb,0xbb,0x7b,
   4                    0xed,0xdd,0xbd,0x7d,0xee,0xde,0xbe,0x7e};
   5          uchar code num[]="0123456789UDLREQ";
   6          
   7          uchar scankey(void)           //扫描函数
   8          {
   9   1        uchar readkey,key,i;
  10   1        uchar x_key,y_key;        //X为行，Y为竖
  11   1        uchar dat;
  12   1      scan:P1=0xf0;
  13   1        delay(20);         //去抖
  14   1        if(P1!=0xf0)       //确认有键按下
  15   1        {
  16   2          y_key=P1;        //读Y键值
  17   2          P1=0x0f;
  18   2          while(P1==0x0f);  
  19   2            x_key=P1;        //读X键值
  20   2          while(P1!=0x0f);       //是否释放键
  21   2              readkey=y_key|x_key;   //读取键值特征码;
  22   2        }
  23   1        else goto scan;         //重新扫描
  24   1        for(i=0;i<16;i++)
  25   1        if(readkey==check[i]) key=i;
  26   1        key=Key[key];
  27   1        if(key<16&&key>=0) dat=key;
  28   1        else scankey();
  29   1        delay(20);
  30   1        while(KeyDown);
  31   1          return dat;
  32   1      }
  33          uchar ReadKey(KEY *dat)
  34          {
  35   1          char temp,buf;
  36   1        if(KeyDown) 
  37   1        {
  38   2            temp=1;
  39   2          buf=scankey();
  40   2          if(buf!=dat->c_key||dat->iscg==0)
  41   2          {
  42   3            dat->iscg=1;
  43   3            dat->l_key=dat->c_key;
  44   3            dat->c_key=buf; 
  45   3          }
  46   2        }
  47   1        else
  48   1        {
  49   2          temp=0;
  50   2          dat->iscg=0;
  51   2        }
  52   1        return temp;
  53   1      }


C51 COMPILER V9.60.0.0   KEY                                                               12/22/2021 23:11:54 PAGE 2   

MODULE INFORMATION:   STATIC OVERLAYABLE
   CODE SIZE        =    215    ----
   CONSTANT SIZE    =     49    ----
   XDATA SIZE       =   ----    ----
   PDATA SIZE       =   ----    ----
   DATA SIZE        =   ----       6
   IDATA SIZE       =   ----    ----
   BIT SIZE         =   ----    ----
END OF MODULE INFORMATION.


C51 COMPILATION COMPLETE.  0 WARNING(S),  0 ERROR(S)
