C51 COMPILER V9.60.0.0   TIMER                                                             12/22/2021 23:11:53 PAGE 1   


C51 COMPILER V9.60.0.0, COMPILATION OF MODULE TIMER
OBJECT MODULE PLACED IN timer.OBJ
COMPILER INVOKED BY: C:\Keil_v5\C51\BIN\C51.EXE timer.c OPTIMIZE(8,SPEED) BROWSE TABS(2)

line level    source

   1          #include"Feiyun.h"
   2          TIMER timer;
   3          void  TimerInit(void)  ///定时器初始化
   4          {  
   5   1         ET0=0;
   6   1         TMOD&=0xf0;
   7   1         TMOD|=0x02;
   8   1         TCON=0x00;
   9   1         TL0= TL0_value;
  10   1         TH0= TH0_value;
  11   1         ET0=1; 
  12   1         EA=1;
  13   1         TR0=1; 
  14   1      }
  15          void  timer0_interrupt() interrupt 1 using 1   //定时器中断
  16          { 
  17   1         static char tick=0;
  18   1         TF0=0;
  19   1         tick++; 
  20   1         if(tick==4)
  21   1         {
  22   2             timer.iscg|=0x01;
  23   2           tick=0;     
  24   2           timer.count++;
  25   2           if(timer.count==1000)
  26   2           {
  27   3               timer.count=0;
  28   3             timer.iscg|=0x10;
  29   3             TimeCg();  
  30   3           }   
  31   2         }
  32   1      }


MODULE INFORMATION:   STATIC OVERLAYABLE
   CODE SIZE        =     98    ----
   CONSTANT SIZE    =   ----    ----
   XDATA SIZE       =   ----    ----
   PDATA SIZE       =   ----    ----
   DATA SIZE        =      4    ----
   IDATA SIZE       =   ----    ----
   BIT SIZE         =   ----    ----
END OF MODULE INFORMATION.


C51 COMPILATION COMPLETE.  0 WARNING(S),  0 ERROR(S)
