C51 COMPILER V9.60.0.0   1                                                                 12/22/2021 18:04:42 PAGE 1   


C51 COMPILER V9.60.0.0, COMPILATION OF MODULE 1
OBJECT MODULE PLACED IN .\Objects\1.obj
COMPILER INVOKED BY: C:\Keil_v5\C51\BIN\C51.EXE ..\1.c OPTIMIZE(8,SPEED) BROWSE DEBUG OBJECTEXTEND PRINT(.\Listings\1.ls
                    -t) TABS(2) OBJECT(.\Objects\1.obj)

line level    source

   1          #include<reg51.h>
   2          #include<stdio.h>
   3          #include<stdlib.h>
   4          #include<string.h>
   5          #define uint unsigned int
   6          #define ulong unsigned long
   7          #define uchar unsigned char
   8            
   9          sbit E = P2^7;
  10          
  11          void check_state();
  12          void delay_us(uchar d_us);
  13          void disp(char *hour,char *min,char *sec,char *ms,char *temper);
  14          void write_com(uchar w_command);
  15          void write_data(uchar w_data);
  16          uchar read_data();
  17          void init_all();
  18          void write_str( uchar *str, uchar row, uchar col );
  19          void set_time();
  20          void convt(char *stri,uint time,uint flag);
  21          void timer0() interrupt 1{
  22   1        TH0=0x3c;
  23   1        TL0=0xba;
  24   1      //  write_str("false",0,0);
  25   1        set_time();
  26   1      }
  27          
  28          char xdata hour[3];
  29          char xdata min[3];
  30          char xdata sec[3];
  31          char xdata ms[3];
  32          uint xdata time[4]={0};
  33          main(){
  34   1        init_all();  
  35   1        while(1);
  36   1        return 0;
  37   1      }
  38          
  39          void check_state(){
  40   1        RD=0;
  41   1        WR=1;
  42   1        P0=0xFF;
  43   1        do{
  44   2          E=0;
  45   2          E=1;
  46   2        }while(P0&0x80);
  47   1        E=0;
  48   1      }
  49          void convt(char *stri,int time,uint flag){
*** WARNING C235 IN LINE 49 OF ..\1.c: parameter 2: different types
  50   1        if(flag){
  51   2          sprintf(stri,"%03d", time);
  52   2        }else{
  53   2          sprintf(stri, "%02d", time);
C51 COMPILER V9.60.0.0   1                                                                 12/22/2021 18:04:42 PAGE 2   

  54   2        }
  55   1      }
  56          void set_time(){
  57   1        if(time[3]>949){
  58   2          time[3]=0;
  59   2          if(time[2]>58){
  60   3            time[2]=0;
  61   3            if(time[1]>58){
  62   4              time[1]=0;
  63   4              time[0]=time[0]+1;
  64   4              if(time[0]==24)
  65   4                time[0]=0;
  66   4            }else{
  67   4              time[1]=time[1]+1;
  68   4            }
  69   3          }else{
  70   3            time[2]=time[2]+1;
  71   3          }
  72   2        }else{
  73   2          time[3]=time[3]+50;
  74   2        }
  75   1        convt(hour,time[0],0);
  76   1        convt(min,time[1],0);
  77   1        convt(sec,time[2],0);
  78   1        convt(ms,time[3],1);
  79   1        disp(hour,min,sec,ms,0);
  80   1      }
  81          void disp(char *o_hour,char *o_min,char *o_sec,char *o_ms,char *o_temper){
  82   1        uchar xdata time_o[16];
  83   1        time_o[0] = ' ';
  84   1        time_o[1] = ' ';
  85   1        time_o[2] = o_hour[0];
  86   1        time_o[3] = o_hour[1];
  87   1        time_o[4] = ':';
  88   1        time_o[5] = o_min[0];
  89   1        time_o[6] = o_min[1];
  90   1        time_o[7] = ':';
  91   1        time_o[8] = o_sec[0];
  92   1        time_o[9] = o_sec[1];
  93   1        time_o[10] = ':';
  94   1        time_o[11] = o_ms[0];
  95   1        time_o[12] = '0';
  96   1        time_o[13] = '0';
  97   1        time_o[14] = '\0'; 
  98   1        write_str(time_o,0,0);
  99   1      //  write_str("false",0,0);
 100   1      }
*** WARNING C280 IN LINE 81 OF ..\1.c: 'o_temper': unreferenced local variable
 101          
 102          
 103          void write_com(uchar w_command){
 104   1        check_state();
 105   1        RD=0;
 106   1        WR=0;
 107   1        P0=w_command;
 108   1        E=1;
 109   1        E=0;
 110   1      }
 111          void write_data(uchar w_data){
 112   1        check_state();
 113   1        RD=1;
 114   1        WR=0;
C51 COMPILER V9.60.0.0   1                                                                 12/22/2021 18:04:42 PAGE 3   

 115   1        P0=w_data;
 116   1        E=1;
 117   1        E=0;
 118   1      }
 119          uchar read_data(){
 120   1        uchar res=0;
 121   1        P0=0xFF;
 122   1        RD=1;
 123   1        WR=1;
 124   1        E=0;
 125   1        E=1;
 126   1        delay_us(40);
 127   1        res=P0;
 128   1        E=0;
 129   1        return res;
 130   1      }
 131          void init_all(){
 132   1      //  unsigned char xdata time[16]="dasfbdsaf";
 133   1        write_com( 0x38 );
 134   1        write_com( 0x0C );  
 135   1        write_com( 0x06 );  
 136   1        write_com( 0x01 );                
 137   1        TMOD=0x01;  
 138   1        TH0=0x3c;
 139   1        TL0=0xba;  
 140   1        EA = 1;
 141   1        ET0 = 1;
 142   1        TR0=1; 
 143   1        write_str("test\0",0,0);
 144   1      }
 145          void delay_us(uchar d_us){
 146   1        uint i;
 147   1        for(i=0;i<d_us;i++);
 148   1      }
 149          void write_str(unsigned char *str, unsigned char row, unsigned char col ){
 150   1        unsigned char addr = 0x00;      
 151   1        if (row){
 152   2          addr = 0xc0;
 153   2        }else{
 154   2          addr = 0x80;                                           
 155   2        }   
 156   1        addr += col;
 157   1        while ( *str != '\0' ){
 158   2          write_com( addr );
 159   2          write_data( *str );  
 160   2          addr++;        
 161   2          str++;
 162   2        }
 163   1      }
*** WARNING C294 IN LINE 36 OF ..\1.c: unreachable code


MODULE INFORMATION:   STATIC OVERLAYABLE
   CODE SIZE        =    673    ----
   CONSTANT SIZE    =     16    ----
   XDATA SIZE       =     20      16
   PDATA SIZE       =   ----    ----
   DATA SIZE        =   ----      27
   IDATA SIZE       =   ----    ----
   BIT SIZE         =   ----    ----
END OF MODULE INFORMATION.


C51 COMPILATION COMPLETE.  3 WARNING(S),  0 ERROR(S)
