C51 COMPILER V9.57.0.0   51IT                                                              02/11/2020 20:59:02 PAGE 1   


C51 COMPILER V9.57.0.0, COMPILATION OF MODULE 51IT
OBJECT MODULE PLACED IN ..\OBJ\51it.obj
COMPILER INVOKED BY: D:\WORK\keil-v5\C51\BIN\C51.EXE ..\HARDWARE\src\51it.c OPTIMIZE(8,SPEED) BROWSE INCDIR(..\HARDWARE\
                    -inc) DEBUG OBJECTEXTEND PRINT(.\51it.lst) OBJECT(..\OBJ\51it.obj)

line level    source

   1          #include"key.h"
   2          #include"51it.h"
   3          #include"ds1302.h"
   4          /*******************************************************************************
   5          * 函数名         : Int0Configuration()
   6          * 函数功能                 : 配置外部中断0
   7          * 输入           : 无
   8          * 输出           : 无
   9          *******************************************************************************/
  10          
  11          //void Int0Configuration(void)
  12          //{
  13          //      //设置INT0
  14          //      IT0=1;//跳变沿出发方式（下降沿）
  15          //      EX0=1;//打开INT0的中断允许。
  16          //      EA=1;//打开总中断       
  17          //}
  18          /*******************************************************************************
  19          * 函数名         : Int0() 
  20          * 函数功能                 : 外部中断0 中断函数
  21          * 输入           : 无
  22          * 输出           : 无
  23          *******************************************************************************/
  24          
  25          //void Int0() interrupt 0                
  26          //{
  27          //      Delay10ms();
  28          ////    if(K3==0)
  29          //      {
  30          //              SetState=~SetState;
  31          //              SetPlace=0;
  32          //              Ds1302Init();   
  33          //      }
  34          //}
  35          
  36          
  37          /*******************************************************************************
  38          * 函 数 名         : Delay_ms
  39          * 函数功能                 : 延时函数，延时1ms
  40          * 输    入         : c
  41          * 输    出         : 无
  42          * 说    名         : 该函数是在12MHZ晶振下，12分频单片机的延时。
  43          *******************************************************************************/
  44          
  45          void Delay_ms(uint c)   //误差 0us
  46          {
  47   1          uchar a,b;
  48   1              for (; c>0; c--)
  49   1              {
  50   2                       for (b=199;b>0;b--)
  51   2                       {
  52   3                              for(a=1;a>0;a--);
  53   3                       }      
  54   2              }
C51 COMPILER V9.57.0.0   51IT                                                              02/11/2020 20:59:02 PAGE 2   

  55   1              
  56   1      }


MODULE INFORMATION:   STATIC OVERLAYABLE
   CODE SIZE        =     25    ----
   CONSTANT SIZE    =   ----    ----
   XDATA SIZE       =   ----    ----
   PDATA SIZE       =   ----    ----
   DATA SIZE        =   ----    ----
   IDATA SIZE       =   ----    ----
   BIT SIZE         =   ----    ----
END OF MODULE INFORMATION.


C51 COMPILATION COMPLETE.  0 WARNING(S),  0 ERROR(S)
