C51 COMPILER V9.57.0.0   GLOBALVAR                                                         02/11/2020 20:59:02 PAGE 1   


C51 COMPILER V9.57.0.0, COMPILATION OF MODULE GLOBALVAR
OBJECT MODULE PLACED IN ..\OBJ\globalvar.obj
COMPILER INVOKED BY: D:\WORK\keil-v5\C51\BIN\C51.EXE ..\HARDWARE\src\globalvar.c OPTIMIZE(8,SPEED) BROWSE INCDIR(..\HARD
                    -WARE\inc) DEBUG OBJECTEXTEND PRINT(.\globalvar.lst) OBJECT(..\OBJ\globalvar.obj)

line level    source

   1          #include"globalvar.h"
   2          
   3          //---DS1302时钟初始化2013年1月1日星期二12点00分00秒。---//
   4          //---存储顺序是秒、分、时、日、月、星期、年,存储格式是用BCD码---//
   5          uchar TIME[7] = {0, 0, 0x08, 0x08, 0x01, 0x03, 0x20};  //BCD码（十进制）
   6          uchar ALARM[7] = {0, 1, 0x08, 0x08, 0x01, 0x03, 0x20};  //BCD码（十进制）
   7          uchar Tmep_Data[9];  //温度数据
   8          
   9          
  10          uchar SetState,SetPlace;
  11          uchar Alarm_SetState,Alarm_SetPlace;
  12          
  13          
  14          uchar Monday[] = {" Mon."};  
  15          uchar Tuesday[] = {"Tues."}; 
  16          uchar Wednesday[] = {" Wed."}; 
  17          uchar Thursday[] = {"Thur."}; 
  18          uchar Friday[] = {" Fri."}; 
  19          uchar Saturday[] = {" Sat."}; 
  20          uchar Sunday[] = {" Sun."}; 
  21          
  22          
  23          
  24          uchar LCD_Temp[] = {"Temp:"}; 
  25          uchar LCD_Alarm[] = {"A"}; 
  26          
  27          char key;
  28          //1为正常显示模式，2为温度湿度显示模式，3为闹钟显示模式
  29          char LCD_MODE;
  30          char Alarm_Open;
  31          
  32          
  33          
  34          
  35          void Global_Init(void)
  36          {
  37   1              key=0;//没按按键
  38   1              SetState=0;//显示状态
  39   1              SetPlace=0;//设置点为0
  40   1              Alarm_SetState=0;//显示状态
  41   1              Alarm_SetPlace=0;//设置点为0    
  42   1              LCD_MODE=1;//显示时间
  43   1              Alarm_Open=0;//不开闹钟
  44   1      }


MODULE INFORMATION:   STATIC OVERLAYABLE
   CODE SIZE        =     17    ----
   CONSTANT SIZE    =   ----    ----
   XDATA SIZE       =   ----    ----
   PDATA SIZE       =   ----    ----
   DATA SIZE        =     80    ----
   IDATA SIZE       =   ----    ----
   BIT SIZE         =   ----    ----
C51 COMPILER V9.57.0.0   GLOBALVAR                                                         02/11/2020 20:59:02 PAGE 2   

END OF MODULE INFORMATION.


C51 COMPILATION COMPLETE.  0 WARNING(S),  0 ERROR(S)
