C51 COMPILER V9.57.0.0   MAIN                                                              02/11/2020 20:59:01 PAGE 1   


C51 COMPILER V9.57.0.0, COMPILATION OF MODULE MAIN
OBJECT MODULE PLACED IN ..\OBJ\main.obj
COMPILER INVOKED BY: D:\WORK\keil-v5\C51\BIN\C51.EXE main.c OPTIMIZE(8,SPEED) BROWSE INCDIR(..\HARDWARE\inc) DEBUG OBJEC
                    -TEXTEND OBJECT(..\OBJ\main.obj)

line level    source

   1          /*******************************************************************************
   2          * 实验名                           : 万年历实验
   3          * 使用的IO           : 
   4          * 实验效果       :1602显示时钟，按K3进入时钟设置，按K1选择设置的时分秒日月，按K2选择
   5          *选择设置加1。 
   6          *       注意                                     ：
   7          *******************************************************************************/
   8          
   9          #include<reg52.h>
  10          #include"lcd.h"
  11          #include"ds1302.h"
  12          #include"globalvar.h"
  13          #include"key.h"
  14          #include"51it.h"
  15          #include"temp.h"
  16          
  17          /*******************************************************************************
  18          * 函数名         : main
  19          * 函数功能                 : 主函数
  20          * 输入           : 无
  21          * 输出           : 无
  22          *******************************************************************************/
  23          
  24          
  25          
  26          void main()
  27          {
  28   1              LcdInit();      //显示屏初始化
  29   1              Ds1302Init();   //时钟芯片初始化
  30   1              Global_Init();
  31   1              while(1)
  32   1              {       
  33   2                      KEY_Press();            
  34   2                      LcdDisplay();
  35   2                      Alarm_Ring();   
  36   2                      
  37   2              }       
  38   1      }
  39          
  40          


MODULE INFORMATION:   STATIC OVERLAYABLE
   CODE SIZE        =     20    ----
   CONSTANT SIZE    =   ----    ----
   XDATA SIZE       =   ----    ----
   PDATA SIZE       =   ----    ----
   DATA SIZE        =   ----    ----
   IDATA SIZE       =   ----    ----
   BIT SIZE         =   ----    ----
END OF MODULE INFORMATION.


C51 COMPILATION COMPLETE.  0 WARNING(S),  0 ERROR(S)
