C51 COMPILER V9.51   DS1302                                                                12/17/2020 09:50:51 PAGE 1   


C51 COMPILER V9.51, COMPILATION OF MODULE DS1302
OBJECT MODULE PLACED IN ds1302.obj
COMPILER INVOKED BY: E:\Keil C51\C51\BIN\C51.EXE program\ds1302.c BROWSE DEBUG OBJECTEXTEND PRINT(.\ds1302.lst) TABS(2) 
                    -OBJECT(ds1302.obj)

line level    source

   1          #include "ds1302.h"
   2          unsigned char code read_rtc_addr[7] = {0x81, 0x83, 0x85, 0x87, 0x89, 0x8b, 0x8d}; 
   3          unsigned char code write_rtc_addr[7] = {0x80, 0x82, 0x84, 0x86, 0x88, 0x8a, 0x8c};
   4          
   5          unsigned char ds1302read(unsigned char addr)
   6          {
   7   1        unsigned char i,dat,dat1;
   8   1        ce=0;
   9   1        _nop_();
  10   1        
  11   1        sclk=0;
  12   1        _nop_();
  13   1        ce=1;
  14   1        _nop_();
  15   1        
  16   1        for(i=0;i<8;i++)
  17   1        {
  18   2          dsio=addr&0x01;
  19   2          addr=addr>>1;
  20   2          sclk=1;
  21   2          _nop_();
  22   2          sclk=0;
  23   2          _nop_();
  24   2        }
  25   1        _nop_();
  26   1        
  27   1        for(i=0;i<8;i++)
  28   1        {
  29   2          dat1=dsio;
  30   2          dat=((dat>>1)|(dat1<<7));
  31   2          sclk=1;
  32   2          _nop_();
  33   2          sclk=0;
  34   2          _nop_();
  35   2        }
  36   1        
  37   1        ce=0;
  38   1        _nop_();
  39   1        sclk=1;
  40   1        _nop_();
  41   1        dsio=0;
  42   1        _nop_();
  43   1        dsio=1;
  44   1        _nop_();
  45   1        
  46   1        return(dat);
  47   1      }
  48          void ds1302write(unsigned char addr,unsigned char dat)
  49          {
  50   1        unsigned char i;
  51   1        ce=0;
  52   1        _nop_();
  53   1        
  54   1        sclk=0;
C51 COMPILER V9.51   DS1302                                                                12/17/2020 09:50:51 PAGE 2   

  55   1        _nop_();
  56   1        ce=1;
  57   1        _nop_();
  58   1        
  59   1        for(i=0;i<8;i++)
  60   1        {
  61   2          dsio = addr&0x01;
  62   2          addr=addr>>1;
  63   2          sclk=1;
  64   2          _nop_();
  65   2          sclk=0;
  66   2          _nop_();
  67   2        }
  68   1      
  69   1        for(i=0;i<8;i++)
  70   1        {
  71   2          dsio=dat&0x01;
  72   2          dat=dat>>1;
  73   2          sclk=1;
  74   2          _nop_();
  75   2          sclk=0;
  76   2          _nop_();
  77   2        }
  78   1        
  79   1        ce=0;
  80   1        _nop_();
  81   1      }
  82          void ds1302writetime()
  83          {
  84   1        unsigned char i;
  85   1        ds1302write(0x8e,0x00);
  86   1        for(i=0;i<7;i++)
  87   1        {
  88   2          ds1302write(write_rtc_addr[i],time[i]);
  89   2        }
  90   1        ds1302write(0x8e,0x80);
  91   1      }
  92          void ds1302readtime()
  93          {
  94   1        unsigned char i;
  95   1        for(i=0;i<7;i++)
  96   1        {
  97   2          time[i]=ds1302read(read_rtc_addr[i]);
  98   2        }
  99   1      }


MODULE INFORMATION:   STATIC OVERLAYABLE
   CODE SIZE        =    184    ----
   CONSTANT SIZE    =     14    ----
   XDATA SIZE       =   ----    ----
   PDATA SIZE       =   ----    ----
   DATA SIZE        =   ----    ----
   IDATA SIZE       =   ----    ----
   BIT SIZE         =   ----    ----
END OF MODULE INFORMATION.


C51 COMPILATION COMPLETE.  0 WARNING(S),  0 ERROR(S)
