C51 COMPILER V9.51   LCD1602                                                               12/17/2020 09:50:51 PAGE 1   


C51 COMPILER V9.51, COMPILATION OF MODULE LCD1602
OBJECT MODULE PLACED IN lcd1602.obj
COMPILER INVOKED BY: E:\Keil C51\C51\BIN\C51.EXE program\lcd1602.c BROWSE DEBUG OBJECTEXTEND PRINT(.\lcd1602.lst) TABS(2
                    -) OBJECT(lcd1602.obj)

line level    source

   1          #include "lcd1602.h"
   2          unsigned char table0[7]={0x00,0x04,0x0e,0x1f,0x0e,0x04,0x00};
   3          unsigned char table1[7]={0x00,0x08,0x14,0x1c,0x14,0x00,0x00};
   4          void lcd1602delay1ms(unsigned char ms)
   5          {
   6   1          unsigned char a,b;
   7   1          for(;ms>0;ms--)
   8   1          {
   9   2            for(b=4;b>0;b--)
  10   2              for(a=113;a>0;a--);
  11   2          }
  12   1      }
  13          void lcdwritecom(unsigned char com)
  14          {
  15   1        lcde=0;
  16   1        rs=0;
  17   1        rw=0;
  18   1        
  19   1        P0 = com;
  20   1        lcd1602delay1ms(1);
  21   1        
  22   1        lcde=1;
  23   1        lcd1602delay1ms(5);
  24   1        lcde=0;
  25   1      }
  26          void lcdwritedata(unsigned char dat)
  27          {
  28   1        lcde=0;
  29   1        rs=1;
  30   1        rw=0;
  31   1        
  32   1        P0 = dat;
  33   1        lcd1602delay1ms(1);
  34   1        
  35   1        lcde=1;
  36   1        lcd1602delay1ms(5);
  37   1        lcde=0;
  38   1      }
  39          void lcdinit()
  40          {
  41   1        unsigned char a;
  42   1        lcdwritecom(0x38);
  43   1        lcdwritecom(0x0c);
  44   1        lcdwritecom(0x06);
  45   1        lcdwritecom(0x01);
  46   1        lcdwritecom(0x40);
  47   1        for(a=0;a<7;a++)
  48   1          lcdwritedata(table0[a]);
  49   1        for(a=0;a<7;a++)
  50   1          lcdwritedata(table1[a]);
  51   1      }


MODULE INFORMATION:   STATIC OVERLAYABLE
C51 COMPILER V9.51   LCD1602                                                               12/17/2020 09:50:51 PAGE 2   

   CODE SIZE        =    107    ----
   CONSTANT SIZE    =   ----    ----
   XDATA SIZE       =   ----    ----
   PDATA SIZE       =   ----    ----
   DATA SIZE        =     14    ----
   IDATA SIZE       =   ----    ----
   BIT SIZE         =   ----    ----
END OF MODULE INFORMATION.


C51 COMPILATION COMPLETE.  0 WARNING(S),  0 ERROR(S)
